\BOOKMARK [0][-]{chapter.1}{\376\377\0001\000\040\000F\000i\000l\000e\000\040\000I\000n\000d\000e\000x}{}% 1
\BOOKMARK [1][-]{section.1.1}{\376\377\0001\000.\0001\000\040\000F\000i\000l\000e\000\040\000L\000i\000s\000t}{chapter.1}% 2
\BOOKMARK [0][-]{chapter.2}{\376\377\0002\000\040\000F\000i\000l\000e\000\040\000D\000o\000c\000u\000m\000e\000n\000t\000a\000t\000i\000o\000n}{}% 3
\BOOKMARK [1][-]{section.2.1}{\376\377\0002\000.\0001\000\040\000/\000h\000o\000m\000e\000/\000x\000/\000g\000i\000t\000-\000r\000e\000p\000o\000s\000/\000p\000e\000t\000e\000r\000/\000s\000r\000c\000/\000e\000x\000p\000o\000r\000t\000s\000.\000h\000\040\000F\000i\000l\000e\000\040\000R\000e\000f\000e\000r\000e\000n\000c\000e}{chapter.2}% 4
\BOOKMARK [2][-]{subsection.2.1.1}{\376\377\0002\000.\0001\000.\0001\000\040\000D\000e\000t\000a\000i\000l\000e\000d\000\040\000D\000e\000s\000c\000r\000i\000p\000t\000i\000o\000n}{section.2.1}% 5
\BOOKMARK [2][-]{subsection.2.1.2}{\376\377\0002\000.\0001\000.\0002\000\040\000F\000u\000n\000c\000t\000i\000o\000n\000\040\000D\000o\000c\000u\000m\000e\000n\000t\000a\000t\000i\000o\000n}{section.2.1}% 6
\BOOKMARK [3][-]{subsubsection.2.1.2.1}{\376\377\0002\000.\0001\000.\0002\000.\0001\000\040\000e\000x\000p\000o\000r\000t\000s\000\137\000g\000e\000t\000\137\000f\000u\000n\000c\000t\000i\000o\000n\000\137\000b\000y\000\137\000n\000a\000m\000e\000\050\000\051}{subsection.2.1.2}% 7
\BOOKMARK [3][-]{subsubsection.2.1.2.2}{\376\377\0002\000.\0001\000.\0002\000.\0002\000\040\000e\000x\000p\000o\000r\000t\000s\000\137\000g\000e\000t\000\137\000f\000u\000n\000c\000t\000i\000o\000n\000\137\000b\000y\000\137\000o\000r\000d\000i\000n\000a\000l\000\050\000\051}{subsection.2.1.2}% 8
\BOOKMARK [3][-]{subsubsection.2.1.2.3}{\376\377\0002\000.\0001\000.\0002\000.\0003\000\040\000e\000x\000p\000o\000r\000t\000s\000\137\000g\000e\000t\000\137\000n\000a\000m\000e\000\137\000b\000y\000\137\000i\000n\000d\000e\000x\000\050\000\051}{subsection.2.1.2}% 9
\BOOKMARK [3][-]{subsubsection.2.1.2.4}{\376\377\0002\000.\0001\000.\0002\000.\0004\000\040\000e\000x\000p\000o\000r\000t\000s\000\137\000g\000e\000t\000\137\000o\000r\000d\000i\000n\000a\000l\000\137\000b\000y\000\137\000n\000a\000m\000e\000\050\000\051}{subsection.2.1.2}% 10
\BOOKMARK [1][-]{section.2.2}{\376\377\0002\000.\0002\000\040\000/\000h\000o\000m\000e\000/\000x\000/\000g\000i\000t\000-\000r\000e\000p\000o\000s\000/\000p\000e\000t\000e\000r\000/\000s\000r\000c\000/\000i\000m\000p\000o\000r\000t\000s\000.\000h\000\040\000F\000i\000l\000e\000\040\000R\000e\000f\000e\000r\000e\000n\000c\000e}{chapter.2}% 11
\BOOKMARK [2][-]{subsection.2.2.1}{\376\377\0002\000.\0002\000.\0001\000\040\000D\000e\000t\000a\000i\000l\000e\000d\000\040\000D\000e\000s\000c\000r\000i\000p\000t\000i\000o\000n}{section.2.2}% 12
\BOOKMARK [2][-]{subsection.2.2.2}{\376\377\0002\000.\0002\000.\0002\000\040\000F\000u\000n\000c\000t\000i\000o\000n\000\040\000D\000o\000c\000u\000m\000e\000n\000t\000a\000t\000i\000o\000n}{section.2.2}% 13
\BOOKMARK [3][-]{subsubsection.2.2.2.1}{\376\377\0002\000.\0002\000.\0002\000.\0001\000\040\000i\000m\000p\000o\000r\000t\000s\000\137\000b\000y\000\137\000i\000n\000d\000e\000x\000\137\000g\000e\000t\000\137\000i\000a\000d\000d\000r\000\137\000t\000h\000u\000n\000k\000\137\000b\000y\000\137\000i\000n\000d\000e\000x\000\050\000\051}{subsection.2.2.2}% 14
\BOOKMARK [3][-]{subsubsection.2.2.2.2}{\376\377\0002\000.\0002\000.\0002\000.\0002\000\040\000i\000m\000p\000o\000r\000t\000s\000\137\000b\000y\000\137\000i\000n\000d\000e\000x\000\137\000g\000e\000t\000\137\000i\000m\000p\000o\000r\000t\000\137\000d\000e\000s\000c\000r\000i\000p\000t\000o\000r\000\050\000\051}{subsection.2.2.2}% 15
\BOOKMARK [3][-]{subsubsection.2.2.2.3}{\376\377\0002\000.\0002\000.\0002\000.\0003\000\040\000i\000m\000p\000o\000r\000t\000s\000\137\000b\000y\000\137\000i\000n\000d\000e\000x\000\137\000g\000e\000t\000\137\000i\000n\000a\000m\000e\000\137\000b\000y\000\137\000i\000n\000d\000e\000x\000\050\000\051}{subsection.2.2.2}% 16
\BOOKMARK [3][-]{subsubsection.2.2.2.4}{\376\377\0002\000.\0002\000.\0002\000.\0004\000\040\000i\000m\000p\000o\000r\000t\000s\000\137\000b\000y\000\137\000i\000n\000d\000e\000x\000\137\000g\000e\000t\000\137\000n\000a\000m\000e\000\050\000\051}{subsection.2.2.2}% 17
\BOOKMARK [3][-]{subsubsection.2.2.2.5}{\376\377\0002\000.\0002\000.\0002\000.\0005\000\040\000i\000m\000p\000o\000r\000t\000s\000\137\000b\000y\000\137\000n\000a\000m\000e\000\137\000g\000e\000t\000\137\000i\000n\000a\000m\000e\000\137\000i\000n\000d\000e\000x\000\137\000b\000y\000\137\000n\000a\000m\000e\000\050\000\051}{subsection.2.2.2}% 18
\BOOKMARK [3][-]{subsubsection.2.2.2.6}{\376\377\0002\000.\0002\000.\0002\000.\0006\000\040\000i\000m\000p\000o\000r\000t\000s\000\137\000b\000y\000\137\000n\000a\000m\000e\000\137\000g\000e\000t\000\137\000i\000n\000d\000e\000x\000\050\000\051}{subsection.2.2.2}% 19
\BOOKMARK [1][-]{section.2.3}{\376\377\0002\000.\0003\000\040\000/\000h\000o\000m\000e\000/\000x\000/\000g\000i\000t\000-\000r\000e\000p\000o\000s\000/\000p\000e\000t\000e\000r\000/\000s\000r\000c\000/\000p\000e\000t\000e\000r\000.\000h\000\040\000F\000i\000l\000e\000\040\000R\000e\000f\000e\000r\000e\000n\000c\000e}{chapter.2}% 20
\BOOKMARK [2][-]{subsection.2.3.1}{\376\377\0002\000.\0003\000.\0001\000\040\000D\000e\000t\000a\000i\000l\000e\000d\000\040\000D\000e\000s\000c\000r\000i\000p\000t\000i\000o\000n}{section.2.3}% 21
\BOOKMARK [1][-]{section.2.4}{\376\377\0002\000.\0004\000\040\000/\000h\000o\000m\000e\000/\000x\000/\000g\000i\000t\000-\000r\000e\000p\000o\000s\000/\000p\000e\000t\000e\000r\000/\000s\000r\000c\000/\000s\000e\000c\000t\000i\000o\000n\000s\000.\000h\000\040\000F\000i\000l\000e\000\040\000R\000e\000f\000e\000r\000e\000n\000c\000e}{chapter.2}% 22
\BOOKMARK [2][-]{subsection.2.4.1}{\376\377\0002\000.\0004\000.\0001\000\040\000D\000e\000t\000a\000i\000l\000e\000d\000\040\000D\000e\000s\000c\000r\000i\000p\000t\000i\000o\000n}{section.2.4}% 23
\BOOKMARK [2][-]{subsection.2.4.2}{\376\377\0002\000.\0004\000.\0002\000\040\000F\000u\000n\000c\000t\000i\000o\000n\000\040\000D\000o\000c\000u\000m\000e\000n\000t\000a\000t\000i\000o\000n}{section.2.4}% 24
\BOOKMARK [3][-]{subsubsection.2.4.2.1}{\376\377\0002\000.\0004\000.\0002\000.\0001\000\040\000p\000t\000r\000\137\000t\000o\000\137\000r\000v\000a\000\050\000\051}{subsection.2.4.2}% 25
\BOOKMARK [3][-]{subsubsection.2.4.2.2}{\376\377\0002\000.\0004\000.\0002\000.\0002\000\040\000r\000a\000w\000\137\000t\000o\000\137\000r\000v\000a\000\050\000\051}{subsection.2.4.2}% 26
\BOOKMARK [3][-]{subsubsection.2.4.2.3}{\376\377\0002\000.\0004\000.\0002\000.\0003\000\040\000r\000v\000a\000\137\000t\000o\000\137\000p\000t\000r\000\050\000\051}{subsection.2.4.2}% 27
\BOOKMARK [3][-]{subsubsection.2.4.2.4}{\376\377\0002\000.\0004\000.\0002\000.\0004\000\040\000r\000v\000a\000\137\000t\000o\000\137\000r\000a\000w\000\050\000\051}{subsection.2.4.2}% 28
\BOOKMARK [3][-]{subsubsection.2.4.2.5}{\376\377\0002\000.\0004\000.\0002\000.\0005\000\040\000s\000e\000c\000t\000i\000o\000n\000s\000\137\000a\000d\000d\000\137\000s\000e\000c\000t\000i\000o\000n\000\050\000\051}{subsection.2.4.2}% 29
\BOOKMARK [3][-]{subsubsection.2.4.2.6}{\376\377\0002\000.\0004\000.\0002\000.\0006\000\040\000s\000e\000c\000t\000i\000o\000n\000s\000\137\000b\000y\000\137\000i\000n\000d\000e\000x\000\137\000g\000e\000t\000\137\000s\000h\000\050\000\051}{subsection.2.4.2}% 30
\BOOKMARK [3][-]{subsubsection.2.4.2.7}{\376\377\0002\000.\0004\000.\0002\000.\0007\000\040\000s\000e\000c\000t\000i\000o\000n\000s\000\137\000b\000y\000\137\000n\000a\000m\000e\000\137\000e\000n\000l\000a\000r\000g\000e\000\050\000\051}{subsection.2.4.2}% 31
\BOOKMARK [3][-]{subsubsection.2.4.2.8}{\376\377\0002\000.\0004\000.\0002\000.\0008\000\040\000s\000e\000c\000t\000i\000o\000n\000s\000\137\000b\000y\000\137\000n\000a\000m\000e\000\137\000g\000e\000t\000\137\000c\000h\000a\000r\000a\000c\000t\000e\000r\000i\000s\000t\000i\000c\000s\000\050\000\051}{subsection.2.4.2}% 32
\BOOKMARK [3][-]{subsubsection.2.4.2.9}{\376\377\0002\000.\0004\000.\0002\000.\0009\000\040\000s\000e\000c\000t\000i\000o\000n\000s\000\137\000b\000y\000\137\000n\000a\000m\000e\000\137\000g\000e\000t\000\137\000i\000n\000d\000e\000x\000\050\000\051}{subsection.2.4.2}% 33
\BOOKMARK [3][-]{subsubsection.2.4.2.10}{\376\377\0002\000.\0004\000.\0002\000.\0001\0000\000\040\000s\000e\000c\000t\000i\000o\000n\000s\000\137\000b\000y\000\137\000n\000a\000m\000e\000\137\000g\000e\000t\000\137\000p\000o\000i\000n\000t\000e\000r\000\137\000t\000o\000\137\000m\000e\000m\000o\000r\000y\000\050\000\051}{subsection.2.4.2}% 34
\BOOKMARK [3][-]{subsubsection.2.4.2.11}{\376\377\0002\000.\0004\000.\0002\000.\0001\0001\000\040\000s\000e\000c\000t\000i\000o\000n\000s\000\137\000b\000y\000\137\000n\000a\000m\000e\000\137\000g\000e\000t\000\137\000s\000h\000\050\000\051}{subsection.2.4.2}% 35
\BOOKMARK [3][-]{subsubsection.2.4.2.12}{\376\377\0002\000.\0004\000.\0002\000.\0001\0002\000\040\000s\000e\000c\000t\000i\000o\000n\000s\000\137\000b\000y\000\137\000n\000a\000m\000e\000\137\000i\000s\000\137\000e\000x\000e\000c\000u\000t\000a\000b\000l\000e\000\050\000\051}{subsection.2.4.2}% 36
\BOOKMARK [3][-]{subsubsection.2.4.2.13}{\376\377\0002\000.\0004\000.\0002\000.\0001\0003\000\040\000s\000e\000c\000t\000i\000o\000n\000s\000\137\000b\000y\000\137\000n\000a\000m\000e\000\137\000i\000s\000\137\000r\000e\000a\000d\000a\000b\000l\000e\000\050\000\051}{subsection.2.4.2}% 37
\BOOKMARK [3][-]{subsubsection.2.4.2.14}{\376\377\0002\000.\0004\000.\0002\000.\0001\0004\000\040\000s\000e\000c\000t\000i\000o\000n\000s\000\137\000b\000y\000\137\000n\000a\000m\000e\000\137\000i\000s\000\137\000w\000r\000i\000t\000a\000b\000l\000e\000\050\000\051}{subsection.2.4.2}% 38
\BOOKMARK [3][-]{subsubsection.2.4.2.15}{\376\377\0002\000.\0004\000.\0002\000.\0001\0005\000\040\000s\000e\000c\000t\000i\000o\000n\000s\000\137\000b\000y\000\137\000n\000a\000m\000e\000\137\000s\000e\000t\000\137\000c\000h\000a\000r\000a\000c\000t\000e\000r\000i\000s\000t\000i\000c\000s\000\050\000\051}{subsection.2.4.2}% 39
\BOOKMARK [3][-]{subsubsection.2.4.2.16}{\376\377\0002\000.\0004\000.\0002\000.\0001\0006\000\040\000s\000e\000c\000t\000i\000o\000n\000s\000\137\000b\000y\000\137\000n\000a\000m\000e\000\137\000s\000e\000t\000\137\000e\000x\000e\000c\000u\000t\000a\000b\000l\000e\000\050\000\051}{subsection.2.4.2}% 40
\BOOKMARK [3][-]{subsubsection.2.4.2.17}{\376\377\0002\000.\0004\000.\0002\000.\0001\0007\000\040\000s\000e\000c\000t\000i\000o\000n\000s\000\137\000b\000y\000\137\000n\000a\000m\000e\000\137\000s\000e\000t\000\137\000n\000a\000m\000e\000\050\000\051}{subsection.2.4.2}% 41
\BOOKMARK [3][-]{subsubsection.2.4.2.18}{\376\377\0002\000.\0004\000.\0002\000.\0001\0008\000\040\000s\000e\000c\000t\000i\000o\000n\000s\000\137\000b\000y\000\137\000n\000a\000m\000e\000\137\000s\000e\000t\000\137\000r\000e\000a\000d\000a\000b\000l\000e\000\050\000\051}{subsection.2.4.2}% 42
\BOOKMARK [3][-]{subsubsection.2.4.2.19}{\376\377\0002\000.\0004\000.\0002\000.\0001\0009\000\040\000s\000e\000c\000t\000i\000o\000n\000s\000\137\000b\000y\000\137\000n\000a\000m\000e\000\137\000s\000e\000t\000\137\000w\000r\000i\000t\000a\000b\000l\000e\000\050\000\051}{subsection.2.4.2}% 43
\BOOKMARK [3][-]{subsubsection.2.4.2.20}{\376\377\0002\000.\0004\000.\0002\000.\0002\0000\000\040\000s\000e\000c\000t\000i\000o\000n\000s\000\137\000g\000e\000t\000\137\000s\000i\000z\000e\000o\000f\000\137\000i\000m\000a\000g\000e\000\137\000a\000f\000t\000e\000r\000\137\000a\000d\000d\000\137\000s\000e\000c\000t\000i\000o\000n\000\050\000\051}{subsection.2.4.2}% 44
\BOOKMARK [0][-]{section*.8}{\376\377\000I\000n\000d\000e\000x}{}% 45
